#
# A fatal error has been detected by the Java Runtime Environment:
#
#  SIGSEGV (0xb) at pc=0x00007fffc3151ff1, pid=2210, tid=0x0000000000000307
#
# JRE version: Java(TM) SE Runtime Environment (8.0_121-b13) (build 1.8.0_121-b13)
# Java VM: Java HotSpot(TM) 64-Bit Server VM (25.121-b13 mixed mode bsd-amd64 compressed oops)
# Problematic frame:
# C  [libsystem_platform.dylib+0x5ff1]  _platform_memmove$VARIANT$Haswell+0x151
#
# Failed to write core dump. Core dumps have been disabled. To enable core dumping, try "ulimit -c unlimited" before starting Java again
#
# If you would like to submit a bug report, please visit:
#   http://bugreport.java.com/bugreport/crash.jsp
# The crash happened outside the Java Virtual Machine in native code.
# See problematic frame for where to report the bug.
#

---------------  T H R E A D  ---------------

Current thread (0x00007fa21b003000):  JavaThread "main" [_thread_in_native, id=775, stack(0x00007fff5c5c3000,0x00007fff5cdc3000)]

siginfo: si_signo: 11 (SIGSEGV), si_code: 1 (SEGV_MAPERR), si_addr: 0x0000000111557000

Registers:
RAX=0x0000000120eb4e80, RBX=0x0000000111556a40, RCX=0x0000000000000020, RDX=0x0000000000000060
RSP=0x00007fff5cdbf680, RBP=0x00007fff5cdbf680, RSI=0x0000000111556fe0, RDI=0x0000000120eb5420
R8 =0x00007fa21a657760, R9 =0x00007fff5cdbf8c0, R10=0x0000000111605100, R11=0x000000000f95e440
R12=0x0000000000000084, R13=0x0000000000000680, R14=0x0000000120eb4e80, R15=0x0000000000000640
RIP=0x00007fffc3151ff1, EFLAGS=0x0000000000010202, ERR=0x0000000000000004
  TRAPNO=0x000000000000000e

Top of Stack: (sp=0x00007fff5cdbf680)
0x00007fff5cdbf680:   00007fff5cdbf950 000000010eb077fb
0x00007fff5cdbf690:   00007fff5cdbf8bc 00007fa21d8069a4
0x00007fff5cdbf6a0:   70a4dc6500000003 00007fa21f000260
0x00007fff5cdbf6b0:   000000005cdbf900 00007fa21a90fce2
0x00007fff5cdbf6c0:   00007fa21a90fce0 00007fa21a90fcf0
0x00007fff5cdbf6d0:   00000000000dd000 000000010ebfaee0
0x00007fff5cdbf6e0:   0000000100000300 00007fa21b94d8d0
0x00007fff5cdbf6f0:   0000000000000000 0000000000000000
0x00007fff5cdbf700:   00000004000dd000 0000000000000000
0x00007fff5cdbf710:   0000019000000215 0000000000000000
0x00007fff5cdbf720:   0000000000000000 0000000000000000
0x00007fff5cdbf730:   0000019000000000 0000000000000640
0x00007fff5cdbf740:   00007fa21b942a98 0000000000000680
0x00007fff5cdbf750:   0000000000000190 0000000000000000
0x00007fff5cdbf760:   00007fa21b942a00 0000000000001401
0x00007fff5cdbf770:   0000000000001908 000000010eb40b40
0x00007fff5cdbf780:   0000000000000000 00007fa21a90fc00
0x00007fff5cdbf790:   0000000000000000 00007fa21b943830
0x00007fff5cdbf7a0:   0000000000000000 0000000000000000
0x00007fff5cdbf7b0:   000000010eb40b01 0000000000000215
0x00007fff5cdbf7c0:   0000000100000000 00000001114ba000
0x00007fff5cdbf7d0:   0000000000000680 0000000000000215
0x00007fff5cdbf7e0:   0000000120e12000 0000000000000000
0x00007fff5cdbf7f0:   0000000000000000 00c7000100000000
0x00007fff5cdbf800:   0000000000000000 0000000000000000
0x00007fff5cdbf810:   0000000000000000 0000000000000000
0x00007fff5cdbf820:   0000000000c70001 0000000000000000
0x00007fff5cdbf830:   0000000000000001 0000000000000000
0x00007fff5cdbf840:   00007fff5cdbf8a0 0000001600000004
0x00007fff5cdbf850:   0000000000000000 0000000000000000
0x00007fff5cdbf860:   0000000000000000 00007fa200000000
0x00007fff5cdbf870:   00007fa21f000028 00007fa21f000310 

Instructions: (pc=0x00007fffc3151ff1)
0x00007fffc3151fd1:   48 83 c6 40 48 83 ea 40 77 e0 eb 23 0f 1f 00 c5
0x00007fffc3151fe1:   fc 29 0f c5 fc 29 57 20 48 83 c7 40 c5 fc 28 0e
0x00007fffc3151ff1:   c5 fc 28 56 20 48 83 c6 40 48 83 ea 40 77 e0 c5
0x00007fffc3152001:   fc 10 1c 16 c5 fc 10 64 16 20 c5 fc 29 0f c5 fc 

Register to memory mapping:

RAX=0x0000000120eb4e80 is an unknown value
RBX=0x0000000111556a40 is an unknown value
RCX=0x0000000000000020 is an unknown value
RDX=0x0000000000000060 is an unknown value
RSP=0x00007fff5cdbf680 is pointing into the stack for thread: 0x00007fa21b003000
RBP=0x00007fff5cdbf680 is pointing into the stack for thread: 0x00007fa21b003000
RSI=0x0000000111556fe0 is an unknown value
RDI=0x0000000120eb5420 is an unknown value
R8 =0x00007fa21a657760 is an unknown value
R9 =0x00007fff5cdbf8c0 is pointing into the stack for thread: 0x00007fa21b003000
R10=0x0000000111605100 is an unknown value
R11=0x000000000f95e440 is an unknown value
R12=0x0000000000000084 is an unknown value
R13=0x0000000000000680 is an unknown value
R14=0x0000000120eb4e80 is an unknown value
R15=0x0000000000000640 is an unknown value


Stack: [0x00007fff5c5c3000,0x00007fff5cdc3000],  sp=0x00007fff5cdbf680,  free space=8177k
Native frames: (J=compiled Java code, j=interpreted, Vv=VM code, C=native code)
C  [libsystem_platform.dylib+0x5ff1]  _platform_memmove$VARIANT$Haswell+0x151
C  [AppleIntelBDWGraphicsGLDriver+0x4c87fb]  glrWriteTextureData+0x16d0
C  [GLEngine+0x19fe5]  glTexImage2D_Exec+0x831
C  [libGL.dylib+0x346d]  glTexImage2D+0x4d
C  [liblwjgl_opengl.dylib+0xefa8]
j  org.lwjgl.opengl.GL11.nglTexImage2D(IIIIIIIIJ)V+0
j  org.lwjgl.opengl.GL11.glTexImage2D(IIIIIIIILjava/nio/ByteBuffer;)V+17
j  Texture.uploadData(IIIILjava/nio/ByteBuffer;)V+15
j  Texture.makeTexture(IILjava/nio/ByteBuffer;IIII)LTexture;+40
j  Texture.loadTexture(Ljava/lang/String;)LTexture;+192
j  SceneManager.createTexture(Ljava/lang/String;)LTexture;+10
j  SceneManager.buildTextures()V+27
j  SceneManager.<init>()V+211
j  P2.<init>()V+92
j  P2.main([Ljava/lang/String;)V+3
v  ~StubRoutines::call_stub
V  [libjvm.dylib+0x2ed9d6]
V  [libjvm.dylib+0x3247ce]
V  [libjvm.dylib+0x31d545]
C  [java+0x3931]  JavaMain+0x9c4
C  [java+0x5590]  -[JavaLaunchHelper launchJava:]+0x2a
C  [Foundation+0x7188a]  __NSThreadPerformPerform+0x146
C  [CoreFoundation+0xa7981]  __CFRUNLOOP_IS_CALLING_OUT_TO_A_SOURCE0_PERFORM_FUNCTION__+0x11
C  [CoreFoundation+0x88a7d]  __CFRunLoopDoSources0+0x22d
C  [CoreFoundation+0x87f76]  __CFRunLoopRun+0x3a6
C  [CoreFoundation+0x87974]  CFRunLoopRunSpecific+0x1a4
C  [java+0x6465]  CreateExecutionEnvironment+0x367
C  [java+0x218c]  JLI_Launch+0x7a0
C  [java+0x84c2]  main+0x65
C  [java+0x19e4]  start+0x34
C  0x0000000000000007

Java frames: (J=compiled Java code, j=interpreted, Vv=VM code)
j  org.lwjgl.opengl.GL11.nglTexImage2D(IIIIIIIIJ)V+0
j  org.lwjgl.opengl.GL11.glTexImage2D(IIIIIIIILjava/nio/ByteBuffer;)V+17
j  Texture.uploadData(IIIILjava/nio/ByteBuffer;)V+15
j  Texture.makeTexture(IILjava/nio/ByteBuffer;IIII)LTexture;+40
j  Texture.loadTexture(Ljava/lang/String;)LTexture;+192
j  SceneManager.createTexture(Ljava/lang/String;)LTexture;+10
j  SceneManager.buildTextures()V+27
j  SceneManager.<init>()V+211
j  P2.<init>()V+92
j  P2.main([Ljava/lang/String;)V+3
v  ~StubRoutines::call_stub

---------------  P R O C E S S  ---------------

Java Threads: ( => current thread )
  0x00007fa21c00e000 JavaThread "Service Thread" daemon [_thread_blocked, id=17923, stack(0x000070000a9be000,0x000070000aabe000)]
  0x00007fa21b058000 JavaThread "C1 CompilerThread2" daemon [_thread_blocked, id=17411, stack(0x000070000a8bb000,0x000070000a9bb000)]
  0x00007fa21b057800 JavaThread "C2 CompilerThread1" daemon [_thread_blocked, id=16899, stack(0x000070000a7b8000,0x000070000a8b8000)]
  0x00007fa21b054800 JavaThread "C2 CompilerThread0" daemon [_thread_blocked, id=16387, stack(0x000070000a6b5000,0x000070000a7b5000)]
  0x00007fa21a80e800 JavaThread "Signal Dispatcher" daemon [_thread_blocked, id=15879, stack(0x000070000a5b2000,0x000070000a6b2000)]
  0x00007fa21b035800 JavaThread "Finalizer" daemon [_thread_blocked, id=12291, stack(0x000070000a4af000,0x000070000a5af000)]
  0x00007fa21a802000 JavaThread "Reference Handler" daemon [_thread_blocked, id=11779, stack(0x000070000a3ac000,0x000070000a4ac000)]
=>0x00007fa21b003000 JavaThread "main" [_thread_in_native, id=775, stack(0x00007fff5c5c3000,0x00007fff5cdc3000)]

Other Threads:
  0x00007fa21c007000 VMThread [stack: 0x000070000a2a9000,0x000070000a3a9000] [id=11267]
  0x00007fa21a831000 WatcherThread [stack: 0x000070000aac1000,0x000070000abc1000] [id=18435]

VM state:not at safepoint (normal execution)

VM Mutex/Monitor currently owned by a thread: None

Heap:
 PSYoungGen      total 38400K, used 9996K [0x0000000795580000, 0x0000000798000000, 0x00000007c0000000)
  eden space 33280K, 30% used [0x0000000795580000,0x0000000795f43118,0x0000000797600000)
  from space 5120K, 0% used [0x0000000797b00000,0x0000000797b00000,0x0000000798000000)
  to   space 5120K, 0% used [0x0000000797600000,0x0000000797600000,0x0000000797b00000)
 ParOldGen       total 87552K, used 0K [0x0000000740000000, 0x0000000745580000, 0x0000000795580000)
  object space 87552K, 0% used [0x0000000740000000,0x0000000740000000,0x0000000745580000)
 Metaspace       used 7275K, capacity 7445K, committed 7680K, reserved 1056768K
  class space    used 639K, capacity 706K, committed 768K, reserved 1048576K

Card table byte_map: [0x0000000104b62000,0x0000000104f63000] byte_map_base: 0x0000000101162000

Marking Bits: (ParMarkBitMap*) 0x00000001040f0d30
 Begin Bits: [0x000000010520e000, 0x000000010720e000)
 End Bits:   [0x000000010720e000, 0x000000010920e000)

Polling page: 0x0000000102efe000

CodeCache: size=245760Kb used=2383Kb max_used=2383Kb free=243376Kb
 bounds [0x0000000111651000, 0x00000001118c1000, 0x0000000120651000]
 total_blobs=1260 nmethods=483 adapters=691
 compilation: enabled

Compilation events (10 events):
Event: 0.608 Thread 0x00007fa21b058000  477   !   3       java.util.zip.Inflater::ended (32 bytes)
Event: 0.608 Thread 0x00007fa21b058000 nmethod 477 0x000000011189eb90 code [0x000000011189ed00, 0x000000011189f0d0]
Event: 0.610 Thread 0x00007fa21b058000  479       3       java.io.UnixFileSystem::getBooleanAttributes (49 bytes)
Event: 0.610 Thread 0x00007fa21b058000 nmethod 479 0x000000011189f990 code [0x000000011189fb40, 0x00000001118a00e8]
Event: 0.613 Thread 0x00007fa21b058000  482   !   3       java.lang.StringCoding$StringEncoder::encode (179 bytes)
Event: 0.615 Thread 0x00007fa21b058000 nmethod 482 0x00000001118a1190 code [0x00000001118a1500, 0x00000001118a31b8]
Event: 0.615 Thread 0x00007fa21b058000  481       3       java.lang.StringCoding::access$300 (8 bytes)
Event: 0.615 Thread 0x00007fa21b058000 nmethod 481 0x00000001118a4390 code [0x00000001118a4540, 0x00000001118a4a68]
Event: 0.618 Thread 0x00007fa21b058000  483       3       java.util.Arrays::copyOf (46 bytes)
Event: 0.619 Thread 0x00007fa21b058000 nmethod 483 0x00000001118a4cd0 code [0x00000001118a4e80, 0x00000001118a5508]

GC Heap History (0 events):
No events

Deoptimization events (1 events):
Event: 0.241 Thread 0x00007fa21b003000 Uncommon trap: reason=unstable_if action=reinterpret pc=0x00000001117f739c method=java.lang.String.replace(CC)Ljava/lang/String; @ 26

Internal exceptions (10 events):
Event: 0.098 Thread 0x00007fa21b003000 Exception <a 'java/util/zip/ZipException'> (0x00000007956df5b8) thrown at [/Users/java_re/workspace/8-2-build-macosx-x86_64/jdk8u121/8372/hotspot/src/share/vm/prims/jni.cpp, line 709]
Event: 0.098 Thread 0x00007fa21b003000 Exception <a 'java/security/PrivilegedActionException'> (0x00000007956df7c0) thrown at [/Users/java_re/workspace/8-2-build-macosx-x86_64/jdk8u121/8372/hotspot/src/share/vm/prims/jvm.cpp, line 1390]
Event: 0.098 Thread 0x00007fa21b003000 Exception <a 'java/security/PrivilegedActionException'> (0x00000007956df9d0) thrown at [/Users/java_re/workspace/8-2-build-macosx-x86_64/jdk8u121/8372/hotspot/src/share/vm/prims/jvm.cpp, line 1390]
Event: 0.175 Thread 0x00007fa21b003000 Exception <a 'java/lang/NoSuchFieldError': method resolution failed> (0x000000079583efe8) thrown at [/Users/java_re/workspace/8-2-build-macosx-x86_64/jdk8u121/8372/hotspot/src/share/vm/prims/methodHandles.cpp, line 1146]
Event: 0.176 Thread 0x00007fa21b003000 Exception <a 'java/lang/NoSuchFieldError': method resolution failed> (0x000000079584c3e8) thrown at [/Users/java_re/workspace/8-2-build-macosx-x86_64/jdk8u121/8372/hotspot/src/share/vm/prims/methodHandles.cpp, line 1146]
Event: 0.208 Thread 0x00007fa21b003000 Exception <a 'java/security/PrivilegedActionException'> (0x00000007959386c8) thrown at [/Users/java_re/workspace/8-2-build-macosx-x86_64/jdk8u121/8372/hotspot/src/share/vm/prims/jvm.cpp, line 1390]
Event: 0.208 Thread 0x00007fa21b003000 Exception <a 'java/security/PrivilegedActionException'> (0x00000007959388d8) thrown at [/Users/java_re/workspace/8-2-build-macosx-x86_64/jdk8u121/8372/hotspot/src/share/vm/prims/jvm.cpp, line 1390]
Event: 0.208 Thread 0x00007fa21b003000 Exception <a 'java/security/PrivilegedActionException'> (0x000000079593bdf0) thrown at [/Users/java_re/workspace/8-2-build-macosx-x86_64/jdk8u121/8372/hotspot/src/share/vm/prims/jvm.cpp, line 1390]
Event: 0.208 Thread 0x00007fa21b003000 Exception <a 'java/security/PrivilegedActionException'> (0x000000079593c000) thrown at [/Users/java_re/workspace/8-2-build-macosx-x86_64/jdk8u121/8372/hotspot/src/share/vm/prims/jvm.cpp, line 1390]
Event: 0.267 Thread 0x00007fa21b003000 Exception <a 'sun/nio/fs/UnixException'> (0x0000000795a71ae8) thrown at [/Users/java_re/workspace/8-2-build-macosx-x86_64/jdk8u121/8372/hotspot/src/share/vm/prims/jni.cpp, line 709]

Events (10 events):
Event: 0.607 loading class org/joml/Vector3f
Event: 0.607 loading class org/joml/Vector3f done
Event: 0.607 loading class org/joml/Vector3fc
Event: 0.607 loading class org/joml/Vector3fc done
Event: 0.610 loading class Texture
Event: 0.610 loading class Texture done
Event: 0.610 loading class org/lwjgl/stb/STBImage
Event: 0.610 loading class org/lwjgl/stb/STBImage done
Event: 0.612 loading class org/lwjgl/stb/LibSTB
Event: 0.612 loading class org/lwjgl/stb/LibSTB done


Dynamic libraries:
0x0000000038638000 	/System/Library/Frameworks/Cocoa.framework/Versions/A/Cocoa
0x0000000038638000 	/System/Library/Frameworks/Security.framework/Versions/A/Security
0x0000000038638000 	/System/Library/Frameworks/ApplicationServices.framework/Versions/A/ApplicationServices
0x0000000038638000 	/usr/lib/libz.1.dylib
0x0000000038638000 	/usr/lib/libSystem.B.dylib
0x0000000038638000 	/usr/lib/libobjc.A.dylib
0x0000000038638000 	/System/Library/Frameworks/CoreFoundation.framework/Versions/A/CoreFoundation
0x0000000038638000 	/System/Library/Frameworks/Foundation.framework/Versions/C/Foundation
0x0000000038638000 	/System/Library/Frameworks/AppKit.framework/Versions/C/AppKit
0x0000000038638000 	/System/Library/Frameworks/CoreData.framework/Versions/A/CoreData
0x0000000038638000 	/System/Library/PrivateFrameworks/RemoteViewServices.framework/Versions/A/RemoteViewServices
0x0000000038638000 	/System/Library/PrivateFrameworks/UIFoundation.framework/Versions/A/UIFoundation
0x0000000038638000 	/System/Library/PrivateFrameworks/DFRFoundation.framework/Versions/A/DFRFoundation
0x0000000038638000 	/usr/lib/libenergytrace.dylib
0x0000000038638000 	/System/Library/PrivateFrameworks/SkyLight.framework/Versions/A/SkyLight
0x0000000038638000 	/System/Library/Frameworks/CoreGraphics.framework/Versions/A/CoreGraphics
0x0000000038638000 	/usr/lib/libScreenReader.dylib
0x0000000038638000 	/System/Library/Frameworks/Accelerate.framework/Versions/A/Accelerate
0x0000000038638000 	/System/Library/Frameworks/IOSurface.framework/Versions/A/IOSurface
0x0000000038638000 	/System/Library/Frameworks/AudioToolbox.framework/Versions/A/AudioToolbox
0x0000000038638000 	/System/Library/Frameworks/AudioUnit.framework/Versions/A/AudioUnit
0x0000000038638000 	/System/Library/PrivateFrameworks/DataDetectorsCore.framework/Versions/A/DataDetectorsCore
0x0000000038638000 	/System/Library/PrivateFrameworks/DesktopServicesPriv.framework/Versions/A/DesktopServicesPriv
0x0000000038638000 	/System/Library/Frameworks/Carbon.framework/Versions/A/Frameworks/HIToolbox.framework/Versions/A/HIToolbox
0x0000000038638000 	/usr/lib/libicucore.A.dylib
0x0000000038638000 	/System/Library/Frameworks/QuartzCore.framework/Versions/A/QuartzCore
0x0000000038638000 	/System/Library/Frameworks/Carbon.framework/Versions/A/Frameworks/SpeechRecognition.framework/Versions/A/SpeechRecognition
0x0000000038638000 	/usr/lib/libauto.dylib
0x0000000038638000 	/usr/lib/libxml2.2.dylib
0x0000000038638000 	/System/Library/PrivateFrameworks/CoreUI.framework/Versions/A/CoreUI
0x0000000038638000 	/System/Library/Frameworks/CoreAudio.framework/Versions/A/CoreAudio
0x0000000038638000 	/System/Library/Frameworks/DiskArbitration.framework/Versions/A/DiskArbitration
0x0000000038638000 	/usr/lib/liblangid.dylib
0x0000000038638000 	/System/Library/PrivateFrameworks/MultitouchSupport.framework/Versions/A/MultitouchSupport
0x0000000038638000 	/System/Library/Frameworks/IOKit.framework/Versions/A/IOKit
0x0000000038638000 	/usr/lib/libDiagnosticMessagesClient.dylib
0x0000000038638000 	/System/Library/Frameworks/CoreServices.framework/Versions/A/CoreServices
0x0000000038638000 	/System/Library/PrivateFrameworks/PerformanceAnalysis.framework/Versions/A/PerformanceAnalysis
0x0000000038638000 	/System/Library/PrivateFrameworks/GenerationalStorage.framework/Versions/A/GenerationalStorage
0x0000000038638000 	/System/Library/Frameworks/OpenGL.framework/Versions/A/OpenGL
0x0000000038638000 	/System/Library/Frameworks/CoreImage.framework/Versions/A/CoreImage
0x0000000038638000 	/System/Library/Frameworks/CoreText.framework/Versions/A/CoreText
0x0000000038638000 	/System/Library/Frameworks/ImageIO.framework/Versions/A/ImageIO
0x0000000038638000 	/System/Library/PrivateFrameworks/Backup.framework/Versions/A/Backup
0x0000000038638000 	/usr/lib/libarchive.2.dylib
0x0000000038638000 	/System/Library/Frameworks/CFNetwork.framework/Versions/A/CFNetwork
0x0000000038638000 	/System/Library/Frameworks/SystemConfiguration.framework/Versions/A/SystemConfiguration
0x0000000038638000 	/usr/lib/libCRFSuite.dylib
0x0000000038638000 	/usr/lib/libc++.1.dylib
0x0000000038638000 	/usr/lib/libc++abi.dylib
0x0000000038638000 	/usr/lib/system/libcache.dylib
0x0000000038638000 	/usr/lib/system/libcommonCrypto.dylib
0x0000000038638000 	/usr/lib/system/libcompiler_rt.dylib
0x0000000038638000 	/usr/lib/system/libcopyfile.dylib
0x0000000038638000 	/usr/lib/system/libcorecrypto.dylib
0x0000000038638000 	/usr/lib/system/libdispatch.dylib
0x0000000038638000 	/usr/lib/system/libdyld.dylib
0x0000000038638000 	/usr/lib/system/libkeymgr.dylib
0x0000000038638000 	/usr/lib/system/liblaunch.dylib
0x0000000038638000 	/usr/lib/system/libmacho.dylib
0x0000000038638000 	/usr/lib/system/libquarantine.dylib
0x0000000038638000 	/usr/lib/system/libremovefile.dylib
0x0000000038638000 	/usr/lib/system/libsystem_asl.dylib
0x0000000038638000 	/usr/lib/system/libsystem_blocks.dylib
0x0000000038638000 	/usr/lib/system/libsystem_c.dylib
0x0000000038638000 	/usr/lib/system/libsystem_configuration.dylib
0x0000000038638000 	/usr/lib/system/libsystem_coreservices.dylib
0x0000000038638000 	/usr/lib/system/libsystem_coretls.dylib
0x0000000038638000 	/usr/lib/system/libsystem_dnssd.dylib
0x0000000038638000 	/usr/lib/system/libsystem_info.dylib
0x0000000038638000 	/usr/lib/system/libsystem_kernel.dylib
0x0000000038638000 	/usr/lib/system/libsystem_m.dylib
0x0000000038638000 	/usr/lib/system/libsystem_malloc.dylib
0x0000000038638000 	/usr/lib/system/libsystem_network.dylib
0x0000000038638000 	/usr/lib/system/libsystem_networkextension.dylib
0x0000000038638000 	/usr/lib/system/libsystem_notify.dylib
0x0000000038638000 	/usr/lib/system/libsystem_platform.dylib
0x0000000038638000 	/usr/lib/system/libsystem_pthread.dylib
0x0000000038638000 	/usr/lib/system/libsystem_sandbox.dylib
0x0000000038638000 	/usr/lib/system/libsystem_secinit.dylib
0x0000000038638000 	/usr/lib/system/libsystem_symptoms.dylib
0x0000000038638000 	/usr/lib/system/libsystem_trace.dylib
0x0000000038638000 	/usr/lib/system/libunwind.dylib
0x0000000038638000 	/usr/lib/system/libxpc.dylib
0x0000000038638000 	/usr/lib/libbsm.0.dylib
0x0000000038638000 	/usr/lib/system/libkxld.dylib
0x0000000038638000 	/usr/lib/libcoretls.dylib
0x0000000038638000 	/usr/lib/libcoretls_cfhelpers.dylib
0x0000000038638000 	/usr/lib/libxar.1.dylib
0x0000000038638000 	/usr/lib/libsqlite3.dylib
0x0000000038638000 	/usr/lib/libpam.2.dylib
0x0000000038638000 	/usr/lib/libOpenScriptingUtil.dylib
0x0000000038638000 	/usr/lib/libbz2.1.0.dylib
0x0000000038638000 	/usr/lib/liblzma.5.dylib
0x0000000038638000 	/usr/lib/libnetwork.dylib
0x0000000038638000 	/usr/lib/libpcap.A.dylib
0x0000000038638000 	/System/Library/Frameworks/CoreServices.framework/Versions/A/Frameworks/FSEvents.framework/Versions/A/FSEvents
0x0000000038638000 	/System/Library/Frameworks/CoreServices.framework/Versions/A/Frameworks/CarbonCore.framework/Versions/A/CarbonCore
0x0000000038638000 	/System/Library/Frameworks/CoreServices.framework/Versions/A/Frameworks/Metadata.framework/Versions/A/Metadata
0x0000000038638000 	/System/Library/Frameworks/CoreServices.framework/Versions/A/Frameworks/OSServices.framework/Versions/A/OSServices
0x0000000038638000 	/System/Library/Frameworks/CoreServices.framework/Versions/A/Frameworks/SearchKit.framework/Versions/A/SearchKit
0x0000000038638000 	/System/Library/Frameworks/CoreServices.framework/Versions/A/Frameworks/AE.framework/Versions/A/AE
0x0000000038638000 	/System/Library/Frameworks/CoreServices.framework/Versions/A/Frameworks/LaunchServices.framework/Versions/A/LaunchServices
0x0000000038638000 	/System/Library/Frameworks/CoreServices.framework/Versions/A/Frameworks/DictionaryServices.framework/Versions/A/DictionaryServices
0x0000000038638000 	/System/Library/Frameworks/CoreServices.framework/Versions/A/Frameworks/SharedFileList.framework/Versions/A/SharedFileList
0x0000000038638000 	/System/Library/Frameworks/NetFS.framework/Versions/A/NetFS
0x0000000038638000 	/System/Library/PrivateFrameworks/NetAuth.framework/Versions/A/NetAuth
0x0000000038638000 	/System/Library/PrivateFrameworks/login.framework/Versions/A/Frameworks/loginsupport.framework/Versions/A/loginsupport
0x0000000038638000 	/System/Library/PrivateFrameworks/TCC.framework/Versions/A/TCC
0x0000000038638000 	/usr/lib/libmecabra.dylib
0x0000000038638000 	/System/Library/Frameworks/ApplicationServices.framework/Versions/A/Frameworks/ATS.framework/Versions/A/ATS
0x0000000038638000 	/System/Library/Frameworks/ApplicationServices.framework/Versions/A/Frameworks/ColorSync.framework/Versions/A/ColorSync
0x0000000038638000 	/System/Library/Frameworks/ApplicationServices.framework/Versions/A/Frameworks/HIServices.framework/Versions/A/HIServices
0x0000000038638000 	/System/Library/Frameworks/ApplicationServices.framework/Versions/A/Frameworks/LangAnalysis.framework/Versions/A/LangAnalysis
0x0000000038638000 	/System/Library/Frameworks/ApplicationServices.framework/Versions/A/Frameworks/PrintCore.framework/Versions/A/PrintCore
0x0000000038638000 	/System/Library/Frameworks/ApplicationServices.framework/Versions/A/Frameworks/QD.framework/Versions/A/QD
0x0000000038638000 	/System/Library/Frameworks/ApplicationServices.framework/Versions/A/Frameworks/SpeechSynthesis.framework/Versions/A/SpeechSynthesis
0x0000000038638000 	/System/Library/Frameworks/Accelerate.framework/Versions/A/Frameworks/vImage.framework/Versions/A/vImage
0x0000000038638000 	/System/Library/Frameworks/Accelerate.framework/Versions/A/Frameworks/vecLib.framework/Versions/A/vecLib
0x0000000038638000 	/System/Library/Frameworks/Accelerate.framework/Versions/A/Frameworks/vecLib.framework/Versions/A/libvDSP.dylib
0x0000000038638000 	/System/Library/Frameworks/Accelerate.framework/Versions/A/Frameworks/vecLib.framework/Versions/A/libBNNS.dylib
0x0000000038638000 	/System/Library/Frameworks/Accelerate.framework/Versions/A/Frameworks/vecLib.framework/Versions/A/libQuadrature.dylib
0x0000000038638000 	/System/Library/Frameworks/Accelerate.framework/Versions/A/Frameworks/vecLib.framework/Versions/A/libvMisc.dylib
0x0000000038638000 	/System/Library/Frameworks/Accelerate.framework/Versions/A/Frameworks/vecLib.framework/Versions/A/libLAPACK.dylib
0x0000000038638000 	/System/Library/Frameworks/Accelerate.framework/Versions/A/Frameworks/vecLib.framework/Versions/A/libBLAS.dylib
0x0000000038638000 	/System/Library/Frameworks/Accelerate.framework/Versions/A/Frameworks/vecLib.framework/Versions/A/libLinearAlgebra.dylib
0x0000000038638000 	/System/Library/Frameworks/Accelerate.framework/Versions/A/Frameworks/vecLib.framework/Versions/A/libSparseBLAS.dylib
0x0000000038638000 	/System/Library/Frameworks/ApplicationServices.framework/Versions/A/Frameworks/ATS.framework/Versions/A/Resources/libFontParser.dylib
0x0000000038638000 	/System/Library/Frameworks/ApplicationServices.framework/Versions/A/Frameworks/ATS.framework/Versions/A/Resources/libFontRegistry.dylib
0x0000000038638000 	/System/Library/Frameworks/ImageIO.framework/Versions/A/Resources/libJPEG.dylib
0x0000000038638000 	/System/Library/Frameworks/ImageIO.framework/Versions/A/Resources/libTIFF.dylib
0x0000000038638000 	/System/Library/Frameworks/ImageIO.framework/Versions/A/Resources/libPng.dylib
0x0000000038638000 	/System/Library/Frameworks/ImageIO.framework/Versions/A/Resources/libGIF.dylib
0x0000000038638000 	/System/Library/Frameworks/ImageIO.framework/Versions/A/Resources/libJP2.dylib
0x0000000038638000 	/System/Library/Frameworks/ImageIO.framework/Versions/A/Resources/libRadiance.dylib
0x0000000038638000 	/usr/lib/libcompression.dylib
0x0000000038638000 	/System/Library/PrivateFrameworks/AppleJPEG.framework/Versions/A/AppleJPEG
0x0000000038638000 	/usr/lib/libcups.2.dylib
0x0000000038638000 	/System/Library/Frameworks/Kerberos.framework/Versions/A/Kerberos
0x0000000038638000 	/System/Library/Frameworks/GSS.framework/Versions/A/GSS
0x0000000038638000 	/usr/lib/libresolv.9.dylib
0x0000000038638000 	/usr/lib/libiconv.2.dylib
0x0000000038638000 	/System/Library/PrivateFrameworks/Heimdal.framework/Versions/A/Heimdal
0x0000000038638000 	/usr/lib/libheimdal-asn1.dylib
0x0000000038638000 	/System/Library/Frameworks/OpenDirectory.framework/Versions/A/OpenDirectory
0x0000000038638000 	/System/Library/PrivateFrameworks/CommonAuth.framework/Versions/A/CommonAuth
0x0000000038638000 	/System/Library/Frameworks/OpenDirectory.framework/Versions/A/Frameworks/CFOpenDirectory.framework/Versions/A/CFOpenDirectory
0x0000000038638000 	/System/Library/Frameworks/SecurityFoundation.framework/Versions/A/SecurityFoundation
0x0000000038638000 	/System/Library/PrivateFrameworks/LanguageModeling.framework/Versions/A/LanguageModeling
0x0000000038638000 	/usr/lib/libmarisa.dylib
0x0000000038638000 	/usr/lib/libChineseTokenizer.dylib
0x0000000038638000 	/usr/lib/libcmph.dylib
0x0000000038638000 	/System/Library/PrivateFrameworks/CoreEmoji.framework/Versions/A/CoreEmoji
0x0000000038638000 	/System/Library/Frameworks/ServiceManagement.framework/Versions/A/ServiceManagement
0x0000000038638000 	/usr/lib/libxslt.1.dylib
0x0000000038638000 	/System/Library/Frameworks/Carbon.framework/Versions/A/Frameworks/Ink.framework/Versions/A/Ink
0x0000000038638000 	/System/Library/PrivateFrameworks/TextureIO.framework/Versions/A/TextureIO
0x0000000038638000 	/System/Library/Frameworks/Metal.framework/Versions/A/Metal
0x0000000038638000 	/usr/lib/libate.dylib
0x0000000038638000 	/System/Library/PrivateFrameworks/GPUCompiler.framework/libmetal_timestamp.dylib
0x0000000038638000 	/System/Library/Frameworks/OpenGL.framework/Versions/A/Libraries/libCoreFSCache.dylib
0x0000000038638000 	/System/Library/PrivateFrameworks/IOAccelerator.framework/Versions/A/IOAccelerator
0x0000000038638000 	/System/Library/Frameworks/CoreVideo.framework/Versions/A/CoreVideo
0x0000000038638000 	/usr/lib/libFosl_dynamic.dylib
0x0000000038638000 	/System/Library/PrivateFrameworks/MetalPerformanceShaders.framework/Versions/A/MetalPerformanceShaders
0x0000000038638000 	/System/Library/PrivateFrameworks/FaceCore.framework/Versions/A/FaceCore
0x0000000038638000 	/System/Library/Frameworks/OpenCL.framework/Versions/A/OpenCL
0x0000000038638000 	/System/Library/Frameworks/OpenGL.framework/Versions/A/Libraries/libGLU.dylib
0x0000000038638000 	/System/Library/Frameworks/OpenGL.framework/Versions/A/Libraries/libGFXShared.dylib
0x0000000038638000 	/System/Library/Frameworks/OpenGL.framework/Versions/A/Libraries/libGL.dylib
0x0000000038638000 	/System/Library/Frameworks/OpenGL.framework/Versions/A/Libraries/libGLImage.dylib
0x0000000038638000 	/System/Library/Frameworks/OpenGL.framework/Versions/A/Libraries/libCVMSPluginSupport.dylib
0x0000000038638000 	/System/Library/Frameworks/OpenGL.framework/Versions/A/Libraries/libCoreVMClient.dylib
0x0000000038638000 	/System/Library/PrivateFrameworks/CrashReporterSupport.framework/Versions/A/CrashReporterSupport
0x0000000038638000 	/System/Library/PrivateFrameworks/Sharing.framework/Versions/A/Sharing
0x0000000038638000 	/System/Library/PrivateFrameworks/IconServices.framework/Versions/A/IconServices
0x0000000038638000 	/System/Library/PrivateFrameworks/ProtocolBuffer.framework/Versions/A/ProtocolBuffer
0x0000000038638000 	/System/Library/PrivateFrameworks/Apple80211.framework/Versions/A/Apple80211
0x0000000038638000 	/System/Library/Frameworks/CoreWLAN.framework/Versions/A/CoreWLAN
0x0000000038638000 	/System/Library/PrivateFrameworks/CoreUtils.framework/Versions/A/CoreUtils
0x0000000038638000 	/System/Library/Frameworks/IOBluetooth.framework/Versions/A/IOBluetooth
0x0000000038638000 	/System/Library/PrivateFrameworks/CoreWiFi.framework/Versions/A/CoreWiFi
0x0000000038638000 	/System/Library/Frameworks/CoreBluetooth.framework/Versions/A/CoreBluetooth
0x0000000038638000 	/System/Library/Frameworks/CoreDisplay.framework/Versions/A/CoreDisplay
0x0000000038638000 	/System/Library/PrivateFrameworks/IOPresentment.framework/Versions/A/IOPresentment
0x0000000038638000 	/System/Library/PrivateFrameworks/DebugSymbols.framework/Versions/A/DebugSymbols
0x0000000038638000 	/System/Library/PrivateFrameworks/CoreSymbolication.framework/Versions/A/CoreSymbolication
0x0000000038638000 	/System/Library/PrivateFrameworks/Symbolication.framework/Versions/A/Symbolication
0x0000000038638000 	/System/Library/PrivateFrameworks/AppleFSCompression.framework/Versions/A/AppleFSCompression
0x0000000038638000 	/System/Library/PrivateFrameworks/SpeechRecognitionCore.framework/Versions/A/SpeechRecognitionCore
0x0000000038638000 	/System/Library/PrivateFrameworks/ChunkingLibrary.framework/Versions/A/ChunkingLibrary
0x0000000103800000 	/Library/Java/JavaVirtualMachines/jdk1.8.0_121.jdk/Contents/Home/jre/lib/server/libjvm.dylib
0x0000000038638000 	/usr/lib/libstdc++.6.dylib
0x0000000102ebb000 	/Library/Java/JavaVirtualMachines/jdk1.8.0_121.jdk/Contents/Home/jre/lib/libverify.dylib
0x0000000102ec9000 	/Library/Java/JavaVirtualMachines/jdk1.8.0_121.jdk/Contents/Home/jre/lib/libjava.dylib
0x0000000102f07000 	/Library/Java/JavaVirtualMachines/jdk1.8.0_121.jdk/Contents/Home/jre/lib/libzip.dylib
0x000000010b01a000 	/System/Library/Frameworks/JavaVM.framework/Frameworks/JavaRuntimeSupport.framework/JavaRuntimeSupport
0x000000010b034000 	/System/Library/Frameworks/JavaVM.framework/Versions/A/Frameworks/JavaNativeFoundation.framework/Versions/A/JavaNativeFoundation
0x000000010b049000 	/System/Library/Frameworks/JavaVM.framework/Versions/A/JavaVM
0x0000000038638000 	/System/Library/Frameworks/Carbon.framework/Versions/A/Carbon
0x000000010b056000 	/System/Library/PrivateFrameworks/JavaLaunching.framework/Versions/A/JavaLaunching
0x0000000038638000 	/System/Library/Frameworks/Carbon.framework/Versions/A/Frameworks/CommonPanels.framework/Versions/A/CommonPanels
0x0000000038638000 	/System/Library/Frameworks/Carbon.framework/Versions/A/Frameworks/Help.framework/Versions/A/Help
0x0000000038638000 	/System/Library/Frameworks/Carbon.framework/Versions/A/Frameworks/ImageCapture.framework/Versions/A/ImageCapture
0x0000000038638000 	/System/Library/Frameworks/Carbon.framework/Versions/A/Frameworks/OpenScripting.framework/Versions/A/OpenScripting
0x0000000038638000 	/System/Library/Frameworks/Carbon.framework/Versions/A/Frameworks/Print.framework/Versions/A/Print
0x0000000038638000 	/System/Library/Frameworks/Carbon.framework/Versions/A/Frameworks/SecurityHI.framework/Versions/A/SecurityHI
0x000000010c9ac000 	/Library/Java/JavaVirtualMachines/jdk1.8.0_121.jdk/Contents/Home/jre/lib/libnio.dylib
0x000000010c9bc000 	/Library/Java/JavaVirtualMachines/jdk1.8.0_121.jdk/Contents/Home/jre/lib/./libnet.dylib
0x000000010ca1d000 	/Users/Nithin/Documents/HOME770/lib/lwjgl-native/liblwjgl.dylib
0x000000010ca42000 	/Users/Nithin/Documents/HOME770/lib/lwjgl-native/libglfw.dylib
0x0000000038638000 	/System/Library/PrivateFrameworks/CoreServicesInternal.framework/Versions/A/CoreServicesInternal
0x0000000038638000 	/System/Library/PrivateFrameworks/FamilyControls.framework/Versions/A/FamilyControls
0x0000000038638000 	/System/Library/PrivateFrameworks/CommerceKit.framework/Versions/A/Frameworks/CommerceCore.framework/Versions/A/CommerceCore
0x0000000038638000 	/System/Library/PrivateFrameworks/SystemAdministration.framework/Versions/A/SystemAdministration
0x0000000038638000 	/System/Library/PrivateFrameworks/AppContainer.framework/Versions/A/AppContainer
0x0000000038638000 	/System/Library/PrivateFrameworks/SecCodeWrapper.framework/Versions/A/SecCodeWrapper
0x0000000038638000 	/System/Library/Frameworks/DirectoryService.framework/Versions/A/DirectoryService
0x0000000038638000 	/System/Library/PrivateFrameworks/DiskImages.framework/Versions/A/DiskImages
0x0000000038638000 	/System/Library/PrivateFrameworks/LoginUIKit.framework/Versions/A/Frameworks/LoginUICore.framework/Versions/A/LoginUICore
0x0000000038638000 	/usr/lib/libCoreStorage.dylib
0x0000000038638000 	/usr/lib/libcsfde.dylib
0x0000000038638000 	/usr/lib/libodfde.dylib
0x0000000038638000 	/System/Library/Frameworks/DiscRecording.framework/Versions/A/DiscRecording
0x0000000038638000 	/usr/lib/libcurl.4.dylib
0x0000000038638000 	/System/Library/PrivateFrameworks/MediaKit.framework/Versions/A/MediaKit
0x0000000038638000 	/System/Library/PrivateFrameworks/ProtectedCloudStorage.framework/Versions/A/ProtectedCloudStorage
0x0000000038638000 	/System/Library/PrivateFrameworks/EFILogin.framework/Versions/A/EFILogin
0x0000000038638000 	/usr/lib/libutil.dylib
0x0000000038638000 	/System/Library/Frameworks/LDAP.framework/Versions/A/LDAP
0x0000000038638000 	/usr/lib/libsasl2.2.dylib
0x0000000038638000 	/System/Library/PrivateFrameworks/CoreDaemon.framework/Versions/B/CoreDaemon
0x0000000038638000 	/System/Library/PrivateFrameworks/AppleSRP.framework/Versions/A/AppleSRP
0x0000000038638000 	/System/Library/PrivateFrameworks/APFS.framework/Versions/A/APFS
0x0000000038638000 	/System/Library/Frameworks/Accelerate.framework/Versions/A/Frameworks/vImage.framework/Versions/A/Libraries/libCGInterfaces.dylib
0x0000000038638000 	/System/Library/Frameworks/OpenGL.framework/Versions/A/Resources/GLEngine.bundle/GLEngine
0x0000000038638000 	/System/Library/Frameworks/OpenGL.framework/Versions/A/Libraries/libGLProgrammability.dylib
0x000000010e63f000 	/System/Library/Extensions/AppleIntelBDWGraphicsGLDriver.bundle/Contents/MacOS/AppleIntelBDWGraphicsGLDriver
0x0000000038638000 	/System/Library/PrivateFrameworks/GPUSupport.framework/Versions/A/Libraries/libGPUSupportMercury.dylib
0x0000000038638000 	/System/Library/Frameworks/OpenGL.framework/Versions/A/Resources/GLRendererFloat.bundle/GLRendererFloat
0x0000000038638000 	/System/Library/Frameworks/OpenCL.framework/Versions/A/Libraries/libcldcpuengine.dylib
0x0000000038638000 	/usr/lib/libcrypto.0.9.8.dylib
0x0000000038638000 	/System/Library/PrivateFrameworks/TrustEvaluationAgent.framework/Versions/A/TrustEvaluationAgent
0x0000000038638000 	/System/Library/Frameworks/ApplicationServices.framework/Versions/A/Frameworks/ATS.framework/Versions/A/Resources/libTrueTypeScaler.dylib
0x0000000111364000 	/Users/Nithin/Documents/HOME770/lib/lwjgl-native/liblwjgl_opengl.dylib
0x000000011142e000 	/Users/Nithin/Documents/HOME770/lib/lwjgl-native/liblwjgl_stb.dylib

VM Arguments:
jvm_args: -Djava.library.path=/Users/Nithin/Documents/HOME770/lib/lwjgl-native -Dfile.encoding=UTF-8 
java_command: P2
java_class_path (initial): /Users/Nithin/Documents/HOME770/TextureDemo:/Users/Nithin/Documents/HOME770/jars/lwjgl770.jar:/Users/Nithin/Documents/HOME770/jars/lwjgl-macosx.jar
Launcher Type: SUN_STANDARD

Environment Variables:
PATH=/usr/bin:/bin:/usr/sbin:/sbin
SHELL=/bin/bash

Signal Handlers:
SIGSEGV: [libjvm.dylib+0x5b1141], sa_mask[0]=11111111011111110111111111111111, sa_flags=SA_ONSTACK|SA_RESTART|SA_SIGINFO
SIGBUS: [libjvm.dylib+0x5b1141], sa_mask[0]=11111111011111110111111111111111, sa_flags=SA_RESTART|SA_SIGINFO
SIGFPE: [libjvm.dylib+0x487bc4], sa_mask[0]=11111111011111110111111111111111, sa_flags=SA_RESTART|SA_SIGINFO
SIGPIPE: [libjvm.dylib+0x487bc4], sa_mask[0]=11111111011111110111111111111111, sa_flags=SA_RESTART|SA_SIGINFO
SIGXFSZ: [libjvm.dylib+0x487bc4], sa_mask[0]=11111111011111110111111111111111, sa_flags=SA_RESTART|SA_SIGINFO
SIGILL: [libjvm.dylib+0x487bc4], sa_mask[0]=11111111011111110111111111111111, sa_flags=SA_RESTART|SA_SIGINFO
SIGUSR1: SIG_DFL, sa_mask[0]=00000000000000000000000000000000, sa_flags=none
SIGUSR2: [libjvm.dylib+0x4876e2], sa_mask[0]=00100000000000000000000000000000, sa_flags=SA_RESTART|SA_SIGINFO
SIGHUP: [libjvm.dylib+0x485cb9], sa_mask[0]=11111111011111110111111111111111, sa_flags=SA_RESTART|SA_SIGINFO
SIGINT: [libjvm.dylib+0x485cb9], sa_mask[0]=11111111011111110111111111111111, sa_flags=SA_RESTART|SA_SIGINFO
SIGTERM: [libjvm.dylib+0x485cb9], sa_mask[0]=11111111011111110111111111111111, sa_flags=SA_RESTART|SA_SIGINFO
SIGQUIT: [libjvm.dylib+0x485cb9], sa_mask[0]=11111111011111110111111111111111, sa_flags=SA_RESTART|SA_SIGINFO


---------------  S Y S T E M  ---------------

OS:Bsduname:Darwin 16.4.0 Darwin Kernel Version 16.4.0: Thu Dec 22 22:53:21 PST 2016; root:xnu-3789.41.3~3/RELEASE_X86_64 x86_64
rlimit: STACK 8192k, CORE 0k, NPROC 709, NOFILE 10240, AS infinity
load average:1.75 1.41 1.30

CPU:total 4 (2 cores per cpu, 2 threads per core) family 6 model 61 stepping 4, cmov, cx8, fxsr, mmx, sse, sse2, sse3, ssse3, sse4.1, sse4.2, popcnt, avx, avx2, aes, clmul, erms, 3dnowpref, lzcnt, ht, tsc, tscinvbit, bmi1, bmi2, adx

Memory: 4k page, physical 8388608k(1779972k free)

/proc/meminfo:


vm_info: Java HotSpot(TM) 64-Bit Server VM (25.121-b13) for bsd-amd64 JRE (1.8.0_121-b13), built on Dec 12 2016 20:39:32 by "java_re" with gcc 4.2.1 (Based on Apple Inc. build 5658) (LLVM build 2336.11.00)

time: Sun Mar 19 17:05:55 2017
elapsed time: 0 seconds (0d 0h 0m 0s)

